<?xml version="1.0" encoding="UTF-8"?>
<testsuites>
  <testsuite name="Quick test of pop dyn" timestamp="2021-02-02T00:24:20Z" hostname="DESKTOP-332L5AM" tests="1" skipped="0" failures="0" errors="0" time="0.95">
    <testcase time="0.95" classname="Quick_test_of_pop_dyn" name="_unnamed_"/>
  </testsuite>
  <testsuite name="Test Data conditioning" timestamp="2021-02-02T00:24:21Z" hostname="DESKTOP-332L5AM" tests="16" skipped="0" failures="3" errors="0" time="13.16">
    <testcase time="2.08" classname="Test_Data_conditioning" name="_unnamed_"/>
    <testcase time="0" classname="Test_Data_conditioning" name="_unnamed_"/>
    <testcase time="0.690000000000001" classname="Test_Data_conditioning" name="_unnamed_"/>
    <testcase time="0.789999999999999" classname="Test_Data_conditioning" name="_unnamed_"/>
    <testcase time="0.69" classname="Test_Data_conditioning" name="_unnamed_">
      <failure type="failure" message="round(sd(Cerr_y[1:OM@nyears]), 2) not equal to round(sd(Hist@SampPars$Obs$Cerr_y[sim, ]), 2). (test-Data-Conditioning.R:65:1)">round(sd(Cerr_y[1:OM@nyears]), 2) not equal to round(sd(Hist@SampPars$Obs$Cerr_y[sim, ]), 2).
1/1 mismatches
[1] 0.28 - 0.33 == -0.05</failure>
    </testcase>
    <testcase time="0.780000000000001" classname="Test_Data_conditioning" name="_unnamed_">
      <failure type="failure" message="round(Hist@SampPars$Obs$Cbias[sim], 1) not equal to round(bias, 1). (test-Data-Conditioning.R:86:1)">round(Hist@SampPars$Obs$Cbias[sim], 1) not equal to round(bias, 1).
1/1 mismatches
[1] 0.9 - 1 == -0.1</failure>
    </testcase>
    <testcase time="0.0199999999999996" classname="Test_Data_conditioning" name="_unnamed_"/>
    <testcase time="0.65" classname="Test_Data_conditioning" name="_unnamed_"/>
    <testcase time="0.69" classname="Test_Data_conditioning" name="_unnamed_"/>
    <testcase time="0.69" classname="Test_Data_conditioning" name="_unnamed_"/>
    <testcase time="0" classname="Test_Data_conditioning" name="_unnamed_"/>
    <testcase time="0.760000000000002" classname="Test_Data_conditioning" name="_unnamed_"/>
    <testcase time="0" classname="Test_Data_conditioning" name="_unnamed_"/>
    <testcase time="1.43" classname="Test_Data_conditioning" name="_unnamed_"/>
    <testcase time="1.34" classname="Test_Data_conditioning" name="_unnamed_"/>
    <testcase time="2.55" classname="Test_Data_conditioning" name="_unnamed_">
      <failure type="failure" message="Bio[sim, 1:(OM@nyears + OM@proyears - 1)] not equal to MSE@PPD[[1]]@AddInd[sim, sim, ]. (test-Data-Conditioning.R:208:1)">Bio[sim, 1:(OM@nyears + OM@proyears - 1)] not equal to MSE@PPD[[1]]@AddInd[sim, sim, ].
49/99 mismatches (average diff: 0.0378)
[51] 13794 - 13794 == 0.00983
[52] 13604 - 13604 == 0.03532
[53] 13450 - 13450 == 0.04364
[54] 13518 - 13518 == 0.05597
[55] 13815 - 13814 == 0.04697
[56] 14090 - 14090 == 0.02572
[57] 13411 - 13411 == 0.02794
[58] 13071 - 13071 == 0.05286
[59] 13454 - 13454 == 0.02904
...</failure>
    </testcase>
  </testsuite>
  <testsuite name="Data_Functions" timestamp="2021-02-02T00:24:35Z" hostname="DESKTOP-332L5AM" tests="41" skipped="0" failures="0" errors="1" time="458.62">
    <testcase time="266.01" classname="Data_Functions" name="runMP_Can_Cant_Needed_Sense_TAC_work_with_Atlantic_mackerel"/>
    <testcase time="0.0199999999999818" classname="Data_Functions" name="runMP_Can_Cant_Needed_Sense_TAC_work_with_Atlantic_mackerel"/>
    <testcase time="0" classname="Data_Functions" name="runMP_Can_Cant_Needed_Sense_TAC_work_with_Atlantic_mackerel"/>
    <testcase time="0.110000000000014" classname="Data_Functions" name="runMP_Can_Cant_Needed_Sense_TAC_work_with_Atlantic_mackerel"/>
    <testcase time="2.71999999999997" classname="Data_Functions" name="runMP_Can_Cant_Needed_Sense_TAC_work_with_Atlantic_mackerel"/>
    <testcase time="3.5" classname="Data_Functions" name="runMP_Can_Cant_Needed_Sense_TAC_work_with_China_rockfish"/>
    <testcase time="0" classname="Data_Functions" name="runMP_Can_Cant_Needed_Sense_TAC_work_with_China_rockfish"/>
    <testcase time="0" classname="Data_Functions" name="runMP_Can_Cant_Needed_Sense_TAC_work_with_China_rockfish"/>
    <testcase time="0.110000000000014" classname="Data_Functions" name="runMP_Can_Cant_Needed_Sense_TAC_work_with_China_rockfish"/>
    <testcase time="2.88999999999999" classname="Data_Functions" name="runMP_Can_Cant_Needed_Sense_TAC_work_with_China_rockfish"/>
    <testcase time="2.31" classname="Data_Functions" name="runMP_Can_Cant_Needed_Sense_TAC_work_with_Cobia"/>
    <testcase time="0" classname="Data_Functions" name="runMP_Can_Cant_Needed_Sense_TAC_work_with_Cobia"/>
    <testcase time="0" classname="Data_Functions" name="runMP_Can_Cant_Needed_Sense_TAC_work_with_Cobia"/>
    <testcase time="0.110000000000014" classname="Data_Functions" name="runMP_Can_Cant_Needed_Sense_TAC_work_with_Cobia"/>
    <testcase time="2.33999999999997" classname="Data_Functions" name="runMP_Can_Cant_Needed_Sense_TAC_work_with_Cobia"/>
    <testcase time="2.55000000000001" classname="Data_Functions" name="runMP_Can_Cant_Needed_Sense_TAC_work_with_Example_datafile"/>
    <testcase time="0" classname="Data_Functions" name="runMP_Can_Cant_Needed_Sense_TAC_work_with_Example_datafile"/>
    <testcase time="0" classname="Data_Functions" name="runMP_Can_Cant_Needed_Sense_TAC_work_with_Example_datafile"/>
    <testcase time="0.120000000000005" classname="Data_Functions" name="runMP_Can_Cant_Needed_Sense_TAC_work_with_Example_datafile"/>
    <testcase time="2.57999999999998" classname="Data_Functions" name="runMP_Can_Cant_Needed_Sense_TAC_work_with_Example_datafile"/>
    <testcase time="6.56" classname="Data_Functions" name="runMP_Can_Cant_Needed_Sense_TAC_work_with_Gulf_blue_tilefish"/>
    <testcase time="0" classname="Data_Functions" name="runMP_Can_Cant_Needed_Sense_TAC_work_with_Gulf_blue_tilefish"/>
    <testcase time="0" classname="Data_Functions" name="runMP_Can_Cant_Needed_Sense_TAC_work_with_Gulf_blue_tilefish"/>
    <testcase time="0.089999999999975" classname="Data_Functions" name="runMP_Can_Cant_Needed_Sense_TAC_work_with_Gulf_blue_tilefish"/>
    <testcase time="4.36000000000001" classname="Data_Functions" name="runMP_Can_Cant_Needed_Sense_TAC_work_with_Gulf_blue_tilefish"/>
    <testcase time="25.72" classname="Data_Functions" name="runMP_Can_Cant_Needed_Sense_TAC_work_with_ourReefFish"/>
    <testcase time="0" classname="Data_Functions" name="runMP_Can_Cant_Needed_Sense_TAC_work_with_ourReefFish"/>
    <testcase time="0" classname="Data_Functions" name="runMP_Can_Cant_Needed_Sense_TAC_work_with_ourReefFish"/>
    <testcase time="0.129999999999995" classname="Data_Functions" name="runMP_Can_Cant_Needed_Sense_TAC_work_with_ourReefFish"/>
    <testcase time="10.92" classname="Data_Functions" name="runMP_Can_Cant_Needed_Sense_TAC_work_with_ourReefFish"/>
    <testcase time="89.66" classname="Data_Functions" name="runMP_Can_Cant_Needed_Sense_TAC_work_with_Red_snapper"/>
    <testcase time="0" classname="Data_Functions" name="runMP_Can_Cant_Needed_Sense_TAC_work_with_Red_snapper"/>
    <testcase time="0" classname="Data_Functions" name="runMP_Can_Cant_Needed_Sense_TAC_work_with_Red_snapper"/>
    <testcase time="0.120000000000005" classname="Data_Functions" name="runMP_Can_Cant_Needed_Sense_TAC_work_with_Red_snapper"/>
    <testcase time="33.28" classname="Data_Functions" name="runMP_Can_Cant_Needed_Sense_TAC_work_with_Red_snapper"/>
    <testcase time="0.75" classname="Data_Functions" name="runMP_Can_Cant_Needed_Sense_TAC_work_with_swordfish"/>
    <testcase time="0" classname="Data_Functions" name="runMP_Can_Cant_Needed_Sense_TAC_work_with_swordfish"/>
    <testcase time="0" classname="Data_Functions" name="runMP_Can_Cant_Needed_Sense_TAC_work_with_swordfish"/>
    <testcase time="0.110000000000014" classname="Data_Functions" name="runMP_Can_Cant_Needed_Sense_TAC_work_with_swordfish"/>
    <testcase time="1.52999999999997" classname="Data_Functions" name="runMP_Can_Cant_Needed_Sense_TAC_work_with_swordfish"/>
    <testcase time="0.0200000000000387" classname="Data_Functions" name="_unnamed_">
      <error type="error" message="object 'datobj' not found (test-Data_Functions.R:29:1)">Error: object 'datobj' not found
Backtrace:
 1. MSEtool::runMP(datobj, silent = TRUE) test-Data_Functions.R:29:0</error>
    </testcase>
  </testsuite>
  <testsuite name="test plot Data" timestamp="2021-02-02T00:32:13Z" hostname="DESKTOP-332L5AM" tests="18" skipped="0" failures="0" errors="0" time="79.31">
    <testcase time="2.81" classname="test_plot_Data" name="plot_works_with_out"/>
    <testcase time="4.13" classname="test_plot_Data" name="plot_works_with_Atlantic_mackerel"/>
    <testcase time="4.27999999999997" classname="test_plot_Data" name="plot_works_with_China_rockfish"/>
    <testcase time="3.93000000000001" classname="test_plot_Data" name="plot_works_with_Cobia"/>
    <testcase time="4.43000000000001" classname="test_plot_Data" name="plot_works_with_Example_datafile"/>
    <testcase time="6" classname="test_plot_Data" name="plot_works_with_Gulf_blue_tilefish"/>
    <testcase time="11.9299999999999" classname="test_plot_Data" name="plot_works_with_ourReefFish"/>
    <testcase time="34.9300000000001" classname="test_plot_Data" name="plot_works_with_Red_snapper"/>
    <testcase time="2.75" classname="test_plot_Data" name="plot_works_with_swordfish"/>
    <testcase time="0.199999999999932" classname="test_plot_Data" name="_summary_works_with_out"/>
    <testcase time="0.830000000000041" classname="test_plot_Data" name="_summary_works_with_Atlantic_mackerel"/>
    <testcase time="0.430000000000064" classname="test_plot_Data" name="_summary_works_with_China_rockfish"/>
    <testcase time="0.3599999999999" classname="test_plot_Data" name="_summary_works_with_Cobia"/>
    <testcase time="0.690000000000055" classname="test_plot_Data" name="_summary_works_with_Example_datafile"/>
    <testcase time="0.379999999999995" classname="test_plot_Data" name="_summary_works_with_Gulf_blue_tilefish"/>
    <testcase time="0.649999999999977" classname="test_plot_Data" name="_summary_works_with_ourReefFish"/>
    <testcase time="0.460000000000036" classname="test_plot_Data" name="_summary_works_with_Red_snapper"/>
    <testcase time="0.120000000000005" classname="test_plot_Data" name="_summary_works_with_swordfish"/>
  </testsuite>
  <testsuite name="Test Data2csv function" timestamp="2021-02-02T00:33:33Z" hostname="DESKTOP-332L5AM" tests="22" skipped="0" failures="0" errors="11" time="8.31">
    <testcase time="0.829999999999927" classname="Test_Data2csv_function" name="Data2csv_works_with_out"/>
    <testcase time="0" classname="Test_Data2csv_function" name="Data2csv_works_with_out">
      <error type="error" message="Can't establish that the input is either xls or xlsx. (test-Data2csv.R:12:5)">Error: Can't establish that the input is either xls or xlsx.
Backtrace:
 1. methods::new("Data", file) test-Data2csv.R:12:4
 3. MSEtool:::initialize(value, ...)
 4. MSEtool:::.local(.Object, ...)
 5. MSEtool::XL2Data(stock, ...) C:/Users/Adrian/Documents/GitHub/MSEtool/R/Class_definitions.R:206:4
 6. readxl::read_excel(...) C:/Users/Adrian/Documents/GitHub/MSEtool/R/Data_Functions.R:136:4
 7. readxl:::check_format(path)</error>
    </testcase>
    <testcase time="0.590000000000032" classname="Test_Data2csv_function" name="Data2csv_works_with_Atlantic_mackerel"/>
    <testcase time="0" classname="Test_Data2csv_function" name="Data2csv_works_with_Atlantic_mackerel">
      <error type="error" message="Can't establish that the input is either xls or xlsx. (test-Data2csv.R:12:5)">Error: Can't establish that the input is either xls or xlsx.
Backtrace:
 1. methods::new("Data", file) test-Data2csv.R:12:4
 3. MSEtool:::initialize(value, ...)
 4. MSEtool:::.local(.Object, ...)
 5. MSEtool::XL2Data(stock, ...) C:/Users/Adrian/Documents/GitHub/MSEtool/R/Class_definitions.R:206:4
 6. readxl::read_excel(...) C:/Users/Adrian/Documents/GitHub/MSEtool/R/Data_Functions.R:136:4
 7. readxl:::check_format(path)</error>
    </testcase>
    <testcase time="0.580000000000041" classname="Test_Data2csv_function" name="Data2csv_works_with_China_rockfish"/>
    <testcase time="0" classname="Test_Data2csv_function" name="Data2csv_works_with_China_rockfish">
      <error type="error" message="Can't establish that the input is either xls or xlsx. (test-Data2csv.R:12:5)">Error: Can't establish that the input is either xls or xlsx.
Backtrace:
 1. methods::new("Data", file) test-Data2csv.R:12:4
 3. MSEtool:::initialize(value, ...)
 4. MSEtool:::.local(.Object, ...)
 5. MSEtool::XL2Data(stock, ...) C:/Users/Adrian/Documents/GitHub/MSEtool/R/Class_definitions.R:206:4
 6. readxl::read_excel(...) C:/Users/Adrian/Documents/GitHub/MSEtool/R/Data_Functions.R:136:4
 7. readxl:::check_format(path)</error>
    </testcase>
    <testcase time="0.549999999999955" classname="Test_Data2csv_function" name="Data2csv_works_with_Cobia"/>
    <testcase time="0" classname="Test_Data2csv_function" name="Data2csv_works_with_Cobia">
      <error type="error" message="Can't establish that the input is either xls or xlsx. (test-Data2csv.R:12:5)">Error: Can't establish that the input is either xls or xlsx.
Backtrace:
 1. methods::new("Data", file) test-Data2csv.R:12:4
 3. MSEtool:::initialize(value, ...)
 4. MSEtool:::.local(.Object, ...)
 5. MSEtool::XL2Data(stock, ...) C:/Users/Adrian/Documents/GitHub/MSEtool/R/Class_definitions.R:206:4
 6. readxl::read_excel(...) C:/Users/Adrian/Documents/GitHub/MSEtool/R/Data_Functions.R:136:4
 7. readxl:::check_format(path)</error>
    </testcase>
    <testcase time="0.470000000000027" classname="Test_Data2csv_function" name="Data2csv_works_with_Example_datafile"/>
    <testcase time="0" classname="Test_Data2csv_function" name="Data2csv_works_with_Example_datafile">
      <error type="error" message="Can't establish that the input is either xls or xlsx. (test-Data2csv.R:12:5)">Error: Can't establish that the input is either xls or xlsx.
Backtrace:
 1. methods::new("Data", file) test-Data2csv.R:12:4
 3. MSEtool:::initialize(value, ...)
 4. MSEtool:::.local(.Object, ...)
 5. MSEtool::XL2Data(stock, ...) C:/Users/Adrian/Documents/GitHub/MSEtool/R/Class_definitions.R:206:4
 6. readxl::read_excel(...) C:/Users/Adrian/Documents/GitHub/MSEtool/R/Data_Functions.R:136:4
 7. readxl:::check_format(path)</error>
    </testcase>
    <testcase time="0.669999999999959" classname="Test_Data2csv_function" name="Data2csv_works_with_Gulf_blue_tilefish"/>
    <testcase time="0.00999999999999091" classname="Test_Data2csv_function" name="Data2csv_works_with_Gulf_blue_tilefish">
      <error type="error" message="Can't establish that the input is either xls or xlsx. (test-Data2csv.R:12:5)">Error: Can't establish that the input is either xls or xlsx.
Backtrace:
 1. methods::new("Data", file) test-Data2csv.R:12:4
 3. MSEtool:::initialize(value, ...)
 4. MSEtool:::.local(.Object, ...)
 5. MSEtool::XL2Data(stock, ...) C:/Users/Adrian/Documents/GitHub/MSEtool/R/Class_definitions.R:206:4
 6. readxl::read_excel(...) C:/Users/Adrian/Documents/GitHub/MSEtool/R/Data_Functions.R:136:4
 7. readxl:::check_format(path)</error>
    </testcase>
    <testcase time="0.550000000000068" classname="Test_Data2csv_function" name="Data2csv_works_with_ourReefFish"/>
    <testcase time="0" classname="Test_Data2csv_function" name="Data2csv_works_with_ourReefFish">
      <error type="error" message="Can't establish that the input is either xls or xlsx. (test-Data2csv.R:12:5)">Error: Can't establish that the input is either xls or xlsx.
Backtrace:
 1. methods::new("Data", file) test-Data2csv.R:12:4
 3. MSEtool:::initialize(value, ...)
 4. MSEtool:::.local(.Object, ...)
 5. MSEtool::XL2Data(stock, ...) C:/Users/Adrian/Documents/GitHub/MSEtool/R/Class_definitions.R:206:4
 6. readxl::read_excel(...) C:/Users/Adrian/Documents/GitHub/MSEtool/R/Data_Functions.R:136:4
 7. readxl:::check_format(path)</error>
    </testcase>
    <testcase time="0.669999999999959" classname="Test_Data2csv_function" name="Data2csv_works_with_Red_snapper"/>
    <testcase time="0.0199999999999818" classname="Test_Data2csv_function" name="Data2csv_works_with_Red_snapper">
      <error type="error" message="Can't establish that the input is either xls or xlsx. (test-Data2csv.R:12:5)">Error: Can't establish that the input is either xls or xlsx.
Backtrace:
 1. methods::new("Data", file) test-Data2csv.R:12:4
 3. MSEtool:::initialize(value, ...)
 4. MSEtool:::.local(.Object, ...)
 5. MSEtool::XL2Data(stock, ...) C:/Users/Adrian/Documents/GitHub/MSEtool/R/Class_definitions.R:206:4
 6. readxl::read_excel(...) C:/Users/Adrian/Documents/GitHub/MSEtool/R/Data_Functions.R:136:4
 7. readxl:::check_format(path)</error>
    </testcase>
    <testcase time="1.40000000000009" classname="Test_Data2csv_function" name="Data2csv_works_with_SimulatedData"/>
    <testcase time="0" classname="Test_Data2csv_function" name="Data2csv_works_with_SimulatedData">
      <error type="error" message="Can't establish that the input is either xls or xlsx. (test-Data2csv.R:12:5)">Error: Can't establish that the input is either xls or xlsx.
Backtrace:
 1. methods::new("Data", file) test-Data2csv.R:12:4
 3. MSEtool:::initialize(value, ...)
 4. MSEtool:::.local(.Object, ...)
 5. MSEtool::XL2Data(stock, ...) C:/Users/Adrian/Documents/GitHub/MSEtool/R/Class_definitions.R:206:4
 6. readxl::read_excel(...) C:/Users/Adrian/Documents/GitHub/MSEtool/R/Data_Functions.R:136:4
 7. readxl:::check_format(path)</error>
    </testcase>
    <testcase time="1.43999999999994" classname="Test_Data2csv_function" name="Data2csv_works_with_Simulation_1"/>
    <testcase time="0" classname="Test_Data2csv_function" name="Data2csv_works_with_Simulation_1">
      <error type="error" message="Can't establish that the input is either xls or xlsx. (test-Data2csv.R:12:5)">Error: Can't establish that the input is either xls or xlsx.
Backtrace:
 1. methods::new("Data", file) test-Data2csv.R:12:4
 3. MSEtool:::initialize(value, ...)
 4. MSEtool:::.local(.Object, ...)
 5. MSEtool::XL2Data(stock, ...) C:/Users/Adrian/Documents/GitHub/MSEtool/R/Class_definitions.R:206:4
 6. readxl::read_excel(...) C:/Users/Adrian/Documents/GitHub/MSEtool/R/Data_Functions.R:136:4
 7. readxl:::check_format(path)</error>
    </testcase>
    <testcase time="0.529999999999973" classname="Test_Data2csv_function" name="Data2csv_works_with_swordfish"/>
    <testcase time="0" classname="Test_Data2csv_function" name="Data2csv_works_with_swordfish">
      <error type="error" message="Can't establish that the input is either xls or xlsx. (test-Data2csv.R:12:5)">Error: Can't establish that the input is either xls or xlsx.
Backtrace:
 1. methods::new("Data", file) test-Data2csv.R:12:4
 3. MSEtool:::initialize(value, ...)
 4. MSEtool:::.local(.Object, ...)
 5. MSEtool::XL2Data(stock, ...) C:/Users/Adrian/Documents/GitHub/MSEtool/R/Class_definitions.R:206:4
 6. readxl::read_excel(...) C:/Users/Adrian/Documents/GitHub/MSEtool/R/Data_Functions.R:136:4
 7. readxl:::check_format(path)</error>
    </testcase>
  </testsuite>
  <testsuite name="Feasibility Functions" timestamp="2021-02-02T00:33:41Z" hostname="DESKTOP-332L5AM" tests="62" skipped="0" failures="0" errors="0" time="164.66">
    <testcase time="2.83000000000004" classname="Feasibility_Functions" name="Fease_works_with_SimulatedData"/>
    <testcase time="2.74000000000001" classname="Feasibility_Functions" name="Fease_works_with_SimulatedData"/>
    <testcase time="2.73000000000002" classname="Feasibility_Functions" name="Fease_works_with_SimulatedData"/>
    <testcase time="2.79999999999995" classname="Feasibility_Functions" name="Fease_works_with_SimulatedData"/>
    <testcase time="2.73000000000002" classname="Feasibility_Functions" name="Fease_works_with_SimulatedData"/>
    <testcase time="2.74000000000001" classname="Feasibility_Functions" name="Fease_works_with_SimulatedData"/>
    <testcase time="2.75" classname="Feasibility_Functions" name="Fease_works_with_SimulatedData"/>
    <testcase time="2.75999999999999" classname="Feasibility_Functions" name="Fease_works_with_SimulatedData"/>
    <testcase time="2.75" classname="Feasibility_Functions" name="Fease_works_with_SimulatedData"/>
    <testcase time="2.76999999999998" classname="Feasibility_Functions" name="Fease_works_with_SimulatedData"/>
    <testcase time="2.77999999999997" classname="Feasibility_Functions" name="Fease_works_with_SimulatedData"/>
    <testcase time="2.78000000000009" classname="Feasibility_Functions" name="Fease_works_with_SimulatedData"/>
    <testcase time="2.79999999999995" classname="Feasibility_Functions" name="Fease_works_with_SimulatedData"/>
    <testcase time="2.78999999999996" classname="Feasibility_Functions" name="Fease_works_with_SimulatedData"/>
    <testcase time="2.85000000000002" classname="Feasibility_Functions" name="Fease_works_with_SimulatedData"/>
    <testcase time="2.84000000000003" classname="Feasibility_Functions" name="Fease_works_with_SimulatedData"/>
    <testcase time="2.79999999999995" classname="Feasibility_Functions" name="Fease_works_with_SimulatedData"/>
    <testcase time="2.77999999999997" classname="Feasibility_Functions" name="Fease_works_with_SimulatedData"/>
    <testcase time="2.81000000000006" classname="Feasibility_Functions" name="Fease_works_with_SimulatedData"/>
    <testcase time="3" classname="Feasibility_Functions" name="Fease_works_with_SimulatedData"/>
    <testcase time="2.66999999999996" classname="Feasibility_Functions" name="Fease_works_with_SimulatedData"/>
    <testcase time="2.66000000000008" classname="Feasibility_Functions" name="Fease_works_with_SimulatedData"/>
    <testcase time="2.68999999999994" classname="Feasibility_Functions" name="Fease_works_with_SimulatedData"/>
    <testcase time="2.68000000000006" classname="Feasibility_Functions" name="Fease_works_with_SimulatedData"/>
    <testcase time="2.67999999999995" classname="Feasibility_Functions" name="Fease_works_with_SimulatedData"/>
    <testcase time="2.67999999999995" classname="Feasibility_Functions" name="Fease_works_with_SimulatedData"/>
    <testcase time="2.72000000000003" classname="Feasibility_Functions" name="Fease_works_with_SimulatedData"/>
    <testcase time="2.69000000000005" classname="Feasibility_Functions" name="Fease_works_with_SimulatedData"/>
    <testcase time="2.68999999999994" classname="Feasibility_Functions" name="Fease_works_with_SimulatedData"/>
    <testcase time="2.70000000000005" classname="Feasibility_Functions" name="Fease_works_with_SimulatedData"/>
    <testcase time="0" classname="Feasibility_Functions" name="Fease_works_with_SimulatedData"/>
    <testcase time="2.72000000000003" classname="Feasibility_Functions" name="Fease_works_with_SimulatedData"/>
    <testcase time="2.71999999999991" classname="Feasibility_Functions" name="Fease_works_with_SimulatedData"/>
    <testcase time="2.72000000000003" classname="Feasibility_Functions" name="Fease_works_with_SimulatedData"/>
    <testcase time="2.72000000000003" classname="Feasibility_Functions" name="Fease_works_with_SimulatedData"/>
    <testcase time="2.71000000000004" classname="Feasibility_Functions" name="Fease_works_with_SimulatedData"/>
    <testcase time="2.75" classname="Feasibility_Functions" name="Fease_works_with_SimulatedData"/>
    <testcase time="2.78999999999996" classname="Feasibility_Functions" name="Fease_works_with_SimulatedData"/>
    <testcase time="2.78999999999996" classname="Feasibility_Functions" name="Fease_works_with_SimulatedData"/>
    <testcase time="2.74000000000001" classname="Feasibility_Functions" name="Fease_works_with_SimulatedData"/>
    <testcase time="2.75" classname="Feasibility_Functions" name="Fease_works_with_SimulatedData"/>
    <testcase time="2.73000000000002" classname="Feasibility_Functions" name="Fease_works_with_SimulatedData"/>
    <testcase time="2.76999999999998" classname="Feasibility_Functions" name="Fease_works_with_SimulatedData"/>
    <testcase time="2.75" classname="Feasibility_Functions" name="Fease_works_with_SimulatedData"/>
    <testcase time="2.75" classname="Feasibility_Functions" name="Fease_works_with_SimulatedData"/>
    <testcase time="2.95000000000005" classname="Feasibility_Functions" name="Fease_works_with_SimulatedData"/>
    <testcase time="2.66999999999996" classname="Feasibility_Functions" name="Fease_works_with_SimulatedData"/>
    <testcase time="2.69000000000005" classname="Feasibility_Functions" name="Fease_works_with_SimulatedData"/>
    <testcase time="2.66999999999996" classname="Feasibility_Functions" name="Fease_works_with_SimulatedData"/>
    <testcase time="2.66999999999996" classname="Feasibility_Functions" name="Fease_works_with_SimulatedData"/>
    <testcase time="2.69000000000005" classname="Feasibility_Functions" name="Fease_works_with_SimulatedData"/>
    <testcase time="2.69999999999993" classname="Feasibility_Functions" name="Fease_works_with_SimulatedData"/>
    <testcase time="2.69000000000005" classname="Feasibility_Functions" name="Fease_works_with_SimulatedData"/>
    <testcase time="2.70000000000005" classname="Feasibility_Functions" name="Fease_works_with_SimulatedData"/>
    <testcase time="2.7399999999999" classname="Feasibility_Functions" name="Fease_works_with_SimulatedData"/>
    <testcase time="2.70000000000005" classname="Feasibility_Functions" name="Fease_works_with_SimulatedData"/>
    <testcase time="2.69000000000005" classname="Feasibility_Functions" name="Fease_works_with_SimulatedData"/>
    <testcase time="2.71999999999991" classname="Feasibility_Functions" name="Fease_works_with_SimulatedData"/>
    <testcase time="2.70000000000005" classname="Feasibility_Functions" name="Fease_works_with_SimulatedData"/>
    <testcase time="2.77999999999997" classname="Feasibility_Functions" name="Fease_works_with_SimulatedData"/>
    <testcase time="2.80000000000007" classname="Feasibility_Functions" name="Fease_works_with_SimulatedData"/>
    <testcase time="0" classname="Feasibility_Functions" name="Fease_works_with_SimulatedData"/>
  </testsuite>
  <testsuite name="Import Data objects" timestamp="2021-02-02T00:36:25Z" hostname="DESKTOP-332L5AM" tests="16" skipped="0" failures="16" errors="0" time="0.33">
    <testcase time="0.0299999999999727" classname="Import_Data_objects" name="new_Data_works_with_Atlantic_mackerel.csv">
      <failure type="failure" message="`Data &lt;- new(&quot;Data&quot;, file.path(path, fl))` threw an error. (test-Import_Data.R:15:5)">`Data &lt;- new("Data", file.path(path, fl))` threw an error.
Message: subscript out of bounds
Class:   simpleError/error/condition
Backtrace:
  1. testthat::expect_error(...) test-Import_Data.R:15:4
  6. methods::new("Data", file.path(path, fl))
  8. MSEtool:::initialize(value, ...)
  9. MSEtool:::.local(.Object, ...)
 10. MSEtool::XL2Data(stock, ...) C:/Users/Adrian/Documents/GitHub/MSEtool/R/Class_definitions.R:206:4</failure>
    </testcase>
    <testcase time="0" classname="Import_Data_objects" name="new_Data_works_with_Atlantic_mackerel.csv">
      <failure type="failure" message="`summary(Data, wait = FALSE)` threw an error. (test-Import_Data.R:16:5)">`summary(Data, wait = FALSE)` threw an error.
Message: error in evaluating the argument 'object' in selecting a method for function 'summary': object 'Data' not found
Class:   simpleError/error/condition
Backtrace:
 1. testthat::expect_error(summary(Data, wait = FALSE), NA) test-Import_Data.R:16:4
 7. base::.handleSimpleError(...)
 8. base:::h(simpleError(msg, call))</failure>
    </testcase>
    <testcase time="0.0299999999999727" classname="Import_Data_objects" name="new_Data_works_with_China_rockfish.csv">
      <failure type="failure" message="`Data &lt;- new(&quot;Data&quot;, file.path(path, fl))` threw an error. (test-Import_Data.R:15:5)">`Data &lt;- new("Data", file.path(path, fl))` threw an error.
Message: Require `Maximum age` to use Additional Indices
Class:   simpleError/error/condition
Backtrace:
  1. testthat::expect_error(...) test-Import_Data.R:15:4
  6. methods::new("Data", file.path(path, fl))
  8. MSEtool:::initialize(value, ...)
  9. MSEtool:::.local(.Object, ...)
 10. MSEtool::XL2Data(stock, ...) C:/Users/Adrian/Documents/GitHub/MSEtool/R/Class_definitions.R:206:4</failure>
    </testcase>
    <testcase time="0.0199999999999818" classname="Import_Data_objects" name="new_Data_works_with_China_rockfish.csv">
      <failure type="failure" message="`summary(Data, wait = FALSE)` threw an error. (test-Import_Data.R:16:5)">`summary(Data, wait = FALSE)` threw an error.
Message: error in evaluating the argument 'object' in selecting a method for function 'summary': object 'Data' not found
Class:   simpleError/error/condition
Backtrace:
 1. testthat::expect_error(summary(Data, wait = FALSE), NA) test-Import_Data.R:16:4
 7. base::.handleSimpleError(...)
 8. base:::h(simpleError(msg, call))</failure>
    </testcase>
    <testcase time="0.0299999999999727" classname="Import_Data_objects" name="new_Data_works_with_Cobia.csv">
      <failure type="failure" message="`Data &lt;- new(&quot;Data&quot;, file.path(path, fl))` threw an error. (test-Import_Data.R:15:5)">`Data &lt;- new("Data", file.path(path, fl))` threw an error.
Message: subscript out of bounds
Class:   simpleError/error/condition
Backtrace:
  1. testthat::expect_error(...) test-Import_Data.R:15:4
  6. methods::new("Data", file.path(path, fl))
  8. MSEtool:::initialize(value, ...)
  9. MSEtool:::.local(.Object, ...)
 10. MSEtool::XL2Data(stock, ...) C:/Users/Adrian/Documents/GitHub/MSEtool/R/Class_definitions.R:206:4</failure>
    </testcase>
    <testcase time="0" classname="Import_Data_objects" name="new_Data_works_with_Cobia.csv">
      <failure type="failure" message="`summary(Data, wait = FALSE)` threw an error. (test-Import_Data.R:16:5)">`summary(Data, wait = FALSE)` threw an error.
Message: error in evaluating the argument 'object' in selecting a method for function 'summary': object 'Data' not found
Class:   simpleError/error/condition
Backtrace:
 1. testthat::expect_error(summary(Data, wait = FALSE), NA) test-Import_Data.R:16:4
 7. base::.handleSimpleError(...)
 8. base:::h(simpleError(msg, call))</failure>
    </testcase>
    <testcase time="0.0300000000000864" classname="Import_Data_objects" name="new_Data_works_with_Example_datafile.csv">
      <failure type="failure" message="`Data &lt;- new(&quot;Data&quot;, file.path(path, fl))` threw an error. (test-Import_Data.R:15:5)">`Data &lt;- new("Data", file.path(path, fl))` threw an error.
Message: subscript out of bounds
Class:   simpleError/error/condition
Backtrace:
  1. testthat::expect_error(...) test-Import_Data.R:15:4
  6. methods::new("Data", file.path(path, fl))
  8. MSEtool:::initialize(value, ...)
  9. MSEtool:::.local(.Object, ...)
 10. MSEtool::XL2Data(stock, ...) C:/Users/Adrian/Documents/GitHub/MSEtool/R/Class_definitions.R:206:4</failure>
    </testcase>
    <testcase time="0" classname="Import_Data_objects" name="new_Data_works_with_Example_datafile.csv">
      <failure type="failure" message="`summary(Data, wait = FALSE)` threw an error. (test-Import_Data.R:16:5)">`summary(Data, wait = FALSE)` threw an error.
Message: error in evaluating the argument 'object' in selecting a method for function 'summary': object 'Data' not found
Class:   simpleError/error/condition
Backtrace:
 1. testthat::expect_error(summary(Data, wait = FALSE), NA) test-Import_Data.R:16:4
 7. base::.handleSimpleError(...)
 8. base:::h(simpleError(msg, call))</failure>
    </testcase>
    <testcase time="0.0299999999999727" classname="Import_Data_objects" name="new_Data_works_with_Gulf_blue_tilefish.csv">
      <failure type="failure" message="`Data &lt;- new(&quot;Data&quot;, file.path(path, fl))` threw an error. (test-Import_Data.R:15:5)">`Data &lt;- new("Data", file.path(path, fl))` threw an error.
Message: subscript out of bounds
Class:   simpleError/error/condition
Backtrace:
  1. testthat::expect_error(...) test-Import_Data.R:15:4
  6. methods::new("Data", file.path(path, fl))
  8. MSEtool:::initialize(value, ...)
  9. MSEtool:::.local(.Object, ...)
 10. MSEtool::XL2Data(stock, ...) C:/Users/Adrian/Documents/GitHub/MSEtool/R/Class_definitions.R:206:4</failure>
    </testcase>
    <testcase time="0.0199999999999818" classname="Import_Data_objects" name="new_Data_works_with_Gulf_blue_tilefish.csv">
      <failure type="failure" message="`summary(Data, wait = FALSE)` threw an error. (test-Import_Data.R:16:5)">`summary(Data, wait = FALSE)` threw an error.
Message: error in evaluating the argument 'object' in selecting a method for function 'summary': object 'Data' not found
Class:   simpleError/error/condition
Backtrace:
 1. testthat::expect_error(summary(Data, wait = FALSE), NA) test-Import_Data.R:16:4
 7. base::.handleSimpleError(...)
 8. base:::h(simpleError(msg, call))</failure>
    </testcase>
    <testcase time="0.0299999999999727" classname="Import_Data_objects" name="new_Data_works_with_ourReefFish.csv">
      <failure type="failure" message="`Data &lt;- new(&quot;Data&quot;, file.path(path, fl))` threw an error. (test-Import_Data.R:15:5)">`Data &lt;- new("Data", file.path(path, fl))` threw an error.
Message: subscript out of bounds
Class:   simpleError/error/condition
Backtrace:
  1. testthat::expect_error(...) test-Import_Data.R:15:4
  6. methods::new("Data", file.path(path, fl))
  8. MSEtool:::initialize(value, ...)
  9. MSEtool:::.local(.Object, ...)
 10. MSEtool::XL2Data(stock, ...) C:/Users/Adrian/Documents/GitHub/MSEtool/R/Class_definitions.R:206:4</failure>
    </testcase>
    <testcase time="0.00999999999999091" classname="Import_Data_objects" name="new_Data_works_with_ourReefFish.csv">
      <failure type="failure" message="`summary(Data, wait = FALSE)` threw an error. (test-Import_Data.R:16:5)">`summary(Data, wait = FALSE)` threw an error.
Message: error in evaluating the argument 'object' in selecting a method for function 'summary': object 'Data' not found
Class:   simpleError/error/condition
Backtrace:
 1. testthat::expect_error(summary(Data, wait = FALSE), NA) test-Import_Data.R:16:4
 7. base::.handleSimpleError(...)
 8. base:::h(simpleError(msg, call))</failure>
    </testcase>
    <testcase time="0.0500000000000682" classname="Import_Data_objects" name="new_Data_works_with_Red_snapper.csv">
      <failure type="failure" message="`Data &lt;- new(&quot;Data&quot;, file.path(path, fl))` threw an error. (test-Import_Data.R:15:5)">`Data &lt;- new("Data", file.path(path, fl))` threw an error.
Message: subscript out of bounds
Class:   simpleError/error/condition
Backtrace:
  1. testthat::expect_error(...) test-Import_Data.R:15:4
  6. methods::new("Data", file.path(path, fl))
  8. MSEtool:::initialize(value, ...)
  9. MSEtool:::.local(.Object, ...)
 10. MSEtool::XL2Data(stock, ...) C:/Users/Adrian/Documents/GitHub/MSEtool/R/Class_definitions.R:206:4</failure>
    </testcase>
    <testcase time="0" classname="Import_Data_objects" name="new_Data_works_with_Red_snapper.csv">
      <failure type="failure" message="`summary(Data, wait = FALSE)` threw an error. (test-Import_Data.R:16:5)">`summary(Data, wait = FALSE)` threw an error.
Message: error in evaluating the argument 'object' in selecting a method for function 'summary': object 'Data' not found
Class:   simpleError/error/condition
Backtrace:
 1. testthat::expect_error(summary(Data, wait = FALSE), NA) test-Import_Data.R:16:4
 7. base::.handleSimpleError(...)
 8. base:::h(simpleError(msg, call))</failure>
    </testcase>
    <testcase time="0.0299999999999727" classname="Import_Data_objects" name="new_Data_works_with_Simulation_1.csv">
      <failure type="failure" message="`Data &lt;- new(&quot;Data&quot;, file.path(path, fl))` threw an error. (test-Import_Data.R:15:5)">`Data &lt;- new("Data", file.path(path, fl))` threw an error.
Message: subscript out of bounds
Class:   simpleError/error/condition
Backtrace:
  1. testthat::expect_error(...) test-Import_Data.R:15:4
  6. methods::new("Data", file.path(path, fl))
  8. MSEtool:::initialize(value, ...)
  9. MSEtool:::.local(.Object, ...)
 10. MSEtool::XL2Data(stock, ...) C:/Users/Adrian/Documents/GitHub/MSEtool/R/Class_definitions.R:206:4</failure>
    </testcase>
    <testcase time="0.0199999999999818" classname="Import_Data_objects" name="new_Data_works_with_Simulation_1.csv">
      <failure type="failure" message="`summary(Data, wait = FALSE)` threw an error. (test-Import_Data.R:16:5)">`summary(Data, wait = FALSE)` threw an error.
Message: error in evaluating the argument 'object' in selecting a method for function 'summary': object 'Data' not found
Class:   simpleError/error/condition
Backtrace:
 1. testthat::expect_error(summary(Data, wait = FALSE), NA) test-Import_Data.R:16:4
 7. base::.handleSimpleError(...)
 8. base:::h(simpleError(msg, call))</failure>
    </testcase>
  </testsuite>
  <testsuite name="test MPs with testOM" timestamp="2021-02-02T00:36:26Z" hostname="DESKTOP-332L5AM" tests="124" skipped="0" failures="0" errors="0" time="500.14">
    <testcase time="4.92000000000007" classname="test_MPs_with_testOM" name="avail_MP_returns_correct_length"/>
    <testcase time="1.55999999999995" classname="test_MPs_with_testOM" name="testOM_works_with_curEref"/>
    <testcase time="1.58000000000004" classname="test_MPs_with_testOM" name="testOM_works_with_FMSYref"/>
    <testcase time="1.58999999999992" classname="test_MPs_with_testOM" name="testOM_works_with_FMSYref50"/>
    <testcase time="1.66000000000008" classname="test_MPs_with_testOM" name="testOM_works_with_FMSYref75"/>
    <testcase time="1.68999999999994" classname="test_MPs_with_testOM" name="testOM_works_with_NFref"/>
    <testcase time="17.15" classname="test_MPs_with_testOM" name="testOM_works_with_DDSS_4010"/>
    <testcase time="17" classname="test_MPs_with_testOM" name="testOM_works_with_DDSS_75MSY"/>
    <testcase time="17.35" classname="test_MPs_with_testOM" name="testOM_works_with_DDSS_MSY"/>
    <testcase time="64.75" classname="test_MPs_with_testOM" name="testOM_works_with_SCA_4010"/>
    <testcase time="58.26" classname="test_MPs_with_testOM" name="testOM_works_with_SCA_75MSY"/>
    <testcase time="57.77" classname="test_MPs_with_testOM" name="testOM_works_with_SCA_MSY"/>
    <testcase time="3.67000000000007" classname="test_MPs_with_testOM" name="testOM_works_with_SP_4010"/>
    <testcase time="3.68999999999994" classname="test_MPs_with_testOM" name="testOM_works_with_SP_75MSY"/>
    <testcase time="3.83000000000004" classname="test_MPs_with_testOM" name="testOM_works_with_SP_MSY"/>
    <testcase time="4.13999999999999" classname="test_MPs_with_testOM" name="testOM_works_with_SSS_4010"/>
    <testcase time="3.89999999999998" classname="test_MPs_with_testOM" name="testOM_works_with_SSS_75MSY"/>
    <testcase time="3.85000000000002" classname="test_MPs_with_testOM" name="testOM_works_with_SSS_MSY"/>
    <testcase time="1.77999999999997" classname="test_MPs_with_testOM" name="testOM_works_with_AvC"/>
    <testcase time="2.88999999999999" classname="test_MPs_with_testOM" name="testOM_works_with_AvC_MLL"/>
    <testcase time="1.80000000000007" classname="test_MPs_with_testOM" name="testOM_works_with_BK"/>
    <testcase time="1.92999999999995" classname="test_MPs_with_testOM" name="testOM_works_with_BK_CC"/>
    <testcase time="2.42000000000007" classname="test_MPs_with_testOM" name="testOM_works_with_BK_ML"/>
    <testcase time="1.93999999999994" classname="test_MPs_with_testOM" name="testOM_works_with_CC1"/>
    <testcase time="1.71000000000004" classname="test_MPs_with_testOM" name="testOM_works_with_CC2"/>
    <testcase time="1.69999999999993" classname="test_MPs_with_testOM" name="testOM_works_with_CC3"/>
    <testcase time="1.72000000000003" classname="test_MPs_with_testOM" name="testOM_works_with_CC4"/>
    <testcase time="1.97000000000003" classname="test_MPs_with_testOM" name="testOM_works_with_CC5"/>
    <testcase time="8.42000000000007" classname="test_MPs_with_testOM" name="testOM_works_with_CompSRA"/>
    <testcase time="8.52999999999997" classname="test_MPs_with_testOM" name="testOM_works_with_CompSRA4010"/>
    <testcase time="1.73000000000002" classname="test_MPs_with_testOM" name="testOM_works_with_CurC"/>
    <testcase time="1.76999999999998" classname="test_MPs_with_testOM" name="testOM_works_with_curE"/>
    <testcase time="1.73000000000002" classname="test_MPs_with_testOM" name="testOM_works_with_curE75"/>
    <testcase time="1.74000000000001" classname="test_MPs_with_testOM" name="testOM_works_with_DAAC"/>
    <testcase time="2.55999999999995" classname="test_MPs_with_testOM" name="testOM_works_with_DBSRA"/>
    <testcase time="2.57999999999993" classname="test_MPs_with_testOM" name="testOM_works_with_DBSRA_40"/>
    <testcase time="2.75" classname="test_MPs_with_testOM" name="testOM_works_with_DBSRA4010"/>
    <testcase time="1.73000000000002" classname="test_MPs_with_testOM" name="testOM_works_with_DCAC"/>
    <testcase time="1.91000000000008" classname="test_MPs_with_testOM" name="testOM_works_with_DCAC_40"/>
    <testcase time="2.48000000000002" classname="test_MPs_with_testOM" name="testOM_works_with_DCAC_ML"/>
    <testcase time="1.72000000000003" classname="test_MPs_with_testOM" name="testOM_works_with_DCAC4010"/>
    <testcase time="1.74000000000001" classname="test_MPs_with_testOM" name="testOM_works_with_DCACs"/>
    <testcase time="3.25" classname="test_MPs_with_testOM" name="testOM_works_with_DD"/>
    <testcase time="3.25999999999999" classname="test_MPs_with_testOM" name="testOM_works_with_DD4010"/>
    <testcase time="3.01999999999998" classname="test_MPs_with_testOM" name="testOM_works_with_DDe"/>
    <testcase time="3.25999999999999" classname="test_MPs_with_testOM" name="testOM_works_with_DDe75"/>
    <testcase time="3.09999999999991" classname="test_MPs_with_testOM" name="testOM_works_with_DDes"/>
    <testcase time="1.73000000000002" classname="test_MPs_with_testOM" name="testOM_works_with_DepF"/>
    <testcase time="1.76999999999998" classname="test_MPs_with_testOM" name="testOM_works_with_DTe40"/>
    <testcase time="1.48000000000002" classname="test_MPs_with_testOM" name="testOM_works_with_DTe50"/>
    <testcase time="1.92000000000007" classname="test_MPs_with_testOM" name="testOM_works_with_DynF"/>
    <testcase time="1.74000000000001" classname="test_MPs_with_testOM" name="testOM_works_with_EtargetLopt"/>
    <testcase time="2.1099999999999" classname="test_MPs_with_testOM" name="testOM_works_with_Fadapt"/>
    <testcase time="1.90000000000009" classname="test_MPs_with_testOM" name="testOM_works_with_Fdem"/>
    <testcase time="2.24000000000001" classname="test_MPs_with_testOM" name="testOM_works_with_Fdem_CC"/>
    <testcase time="2.25999999999999" classname="test_MPs_with_testOM" name="testOM_works_with_Fdem_ML"/>
    <testcase time="1.72000000000003" classname="test_MPs_with_testOM" name="testOM_works_with_Fratio"/>
    <testcase time="2.1099999999999" classname="test_MPs_with_testOM" name="testOM_works_with_Fratio_CC"/>
    <testcase time="2.41000000000008" classname="test_MPs_with_testOM" name="testOM_works_with_Fratio_ML"/>
    <testcase time="1.68999999999983" classname="test_MPs_with_testOM" name="testOM_works_with_Fratio4010"/>
    <testcase time="1.68000000000006" classname="test_MPs_with_testOM" name="testOM_works_with_GB_CC"/>
    <testcase time="1.76999999999998" classname="test_MPs_with_testOM" name="testOM_works_with_GB_slope"/>
    <testcase time="1.73000000000002" classname="test_MPs_with_testOM" name="testOM_works_with_GB_target"/>
    <testcase time="2.24000000000001" classname="test_MPs_with_testOM" name="testOM_works_with_Gcontrol"/>
    <testcase time="1.72000000000003" classname="test_MPs_with_testOM" name="testOM_works_with_HDAAC"/>
    <testcase time="1.67000000000007" classname="test_MPs_with_testOM" name="testOM_works_with_ICI"/>
    <testcase time="1.69999999999982" classname="test_MPs_with_testOM" name="testOM_works_with_ICI2"/>
    <testcase time="1.74000000000001" classname="test_MPs_with_testOM" name="testOM_works_with_Iratio"/>
    <testcase time="2.04000000000019" classname="test_MPs_with_testOM" name="testOM_works_with_Islope1"/>
    <testcase time="1.80999999999995" classname="test_MPs_with_testOM" name="testOM_works_with_Islope2"/>
    <testcase time="1.81999999999994" classname="test_MPs_with_testOM" name="testOM_works_with_Islope3"/>
    <testcase time="2.03999999999996" classname="test_MPs_with_testOM" name="testOM_works_with_Islope4"/>
    <testcase time="1.72000000000003" classname="test_MPs_with_testOM" name="testOM_works_with_IT10"/>
    <testcase time="1.75" classname="test_MPs_with_testOM" name="testOM_works_with_IT5"/>
    <testcase time="1.94000000000005" classname="test_MPs_with_testOM" name="testOM_works_with_Itarget1"/>
    <testcase time="1.73000000000002" classname="test_MPs_with_testOM" name="testOM_works_with_Itarget1_MPA"/>
    <testcase time="1.71000000000004" classname="test_MPs_with_testOM" name="testOM_works_with_Itarget2"/>
    <testcase time="1.91999999999985" classname="test_MPs_with_testOM" name="testOM_works_with_Itarget3"/>
    <testcase time="1.69000000000005" classname="test_MPs_with_testOM" name="testOM_works_with_Itarget4"/>
    <testcase time="1.50999999999999" classname="test_MPs_with_testOM" name="testOM_works_with_ItargetE1"/>
    <testcase time="1.5" classname="test_MPs_with_testOM" name="testOM_works_with_ItargetE2"/>
    <testcase time="1.5" classname="test_MPs_with_testOM" name="testOM_works_with_ItargetE3"/>
    <testcase time="1.76999999999998" classname="test_MPs_with_testOM" name="testOM_works_with_ItargetE4"/>
    <testcase time="1.48000000000002" classname="test_MPs_with_testOM" name="testOM_works_with_ITe10"/>
    <testcase time="1.75" classname="test_MPs_with_testOM" name="testOM_works_with_ITe5"/>
    <testcase time="1.76999999999998" classname="test_MPs_with_testOM" name="testOM_works_with_ITM"/>
    <testcase time="1.73000000000002" classname="test_MPs_with_testOM" name="testOM_works_with_L95target"/>
    <testcase time="5.88000000000011" classname="test_MPs_with_testOM" name="testOM_works_with_LBSPR"/>
    <testcase time="3.61999999999989" classname="test_MPs_with_testOM" name="testOM_works_with_LBSPR_MLL"/>
    <testcase time="1.69000000000005" classname="test_MPs_with_testOM" name="testOM_works_with_Lratio_BHI"/>
    <testcase time="1.91000000000008" classname="test_MPs_with_testOM" name="testOM_works_with_Lratio_BHI2"/>
    <testcase time="1.69999999999982" classname="test_MPs_with_testOM" name="testOM_works_with_Lratio_BHI3"/>
    <testcase time="1.97000000000003" classname="test_MPs_with_testOM" name="testOM_works_with_LstepCC1"/>
    <testcase time="1.67000000000007" classname="test_MPs_with_testOM" name="testOM_works_with_LstepCC2"/>
    <testcase time="1.72000000000003" classname="test_MPs_with_testOM" name="testOM_works_with_LstepCC3"/>
    <testcase time="1.69000000000005" classname="test_MPs_with_testOM" name="testOM_works_with_LstepCC4"/>
    <testcase time="1.52999999999997" classname="test_MPs_with_testOM" name="testOM_works_with_LstepCE1"/>
    <testcase time="1.50999999999999" classname="test_MPs_with_testOM" name="testOM_works_with_LstepCE2"/>
    <testcase time="1.97000000000003" classname="test_MPs_with_testOM" name="testOM_works_with_Ltarget1"/>
    <testcase time="1.66999999999985" classname="test_MPs_with_testOM" name="testOM_works_with_Ltarget2"/>
    <testcase time="1.93000000000006" classname="test_MPs_with_testOM" name="testOM_works_with_Ltarget3"/>
    <testcase time="1.67000000000007" classname="test_MPs_with_testOM" name="testOM_works_with_Ltarget4"/>
    <testcase time="1.48000000000002" classname="test_MPs_with_testOM" name="testOM_works_with_LtargetE1"/>
    <testcase time="1.76999999999998" classname="test_MPs_with_testOM" name="testOM_works_with_LtargetE4"/>
    <testcase time="2.23000000000002" classname="test_MPs_with_testOM" name="testOM_works_with_matlenlim"/>
    <testcase time="2.55999999999995" classname="test_MPs_with_testOM" name="testOM_works_with_matlenlim2"/>
    <testcase time="1.69000000000005" classname="test_MPs_with_testOM" name="testOM_works_with_MCD"/>
    <testcase time="1.70999999999981" classname="test_MPs_with_testOM" name="testOM_works_with_MCD4010"/>
    <testcase time="2.29000000000019" classname="test_MPs_with_testOM" name="testOM_works_with_minlenLopt1"/>
    <testcase time="1.5" classname="test_MPs_with_testOM" name="testOM_works_with_MRnoreal"/>
    <testcase time="1.54999999999995" classname="test_MPs_with_testOM" name="testOM_works_with_MRreal"/>
    <testcase time="2.1099999999999" classname="test_MPs_with_testOM" name="testOM_works_with_Rcontrol"/>
    <testcase time="2.30999999999995" classname="test_MPs_with_testOM" name="testOM_works_with_Rcontrol2"/>
    <testcase time="1.99000000000001" classname="test_MPs_with_testOM" name="testOM_works_with_SBT1"/>
    <testcase time="1.68000000000006" classname="test_MPs_with_testOM" name="testOM_works_with_SBT2"/>
    <testcase time="2.3900000000001" classname="test_MPs_with_testOM" name="testOM_works_with_slotlim"/>
    <testcase time="1.88999999999987" classname="test_MPs_with_testOM" name="testOM_works_with_SPmod"/>
    <testcase time="1.8900000000001" classname="test_MPs_with_testOM" name="testOM_works_with_SPMSY"/>
    <testcase time="1.94000000000005" classname="test_MPs_with_testOM" name="testOM_works_with_SPslope"/>
    <testcase time="2.55999999999995" classname="test_MPs_with_testOM" name="testOM_works_with_SPSRA"/>
    <testcase time="3.25" classname="test_MPs_with_testOM" name="testOM_works_with_SPSRA_ML"/>
    <testcase time="3.64999999999986" classname="test_MPs_with_testOM" name="testOM_works_with_YPR"/>
    <testcase time="3.75999999999999" classname="test_MPs_with_testOM" name="testOM_works_with_YPR_CC"/>
    <testcase time="3.80000000000018" classname="test_MPs_with_testOM" name="testOM_works_with_YPR_ML"/>
  </testsuite>
  <testsuite name="Test MSE_functions" timestamp="2021-02-02T00:44:46Z" hostname="DESKTOP-332L5AM" tests="8" skipped="0" failures="0" errors="0" time="81.94">
    <testcase time="80.6399999999999" classname="Test_MSE_functions" name="Converge"/>
    <testcase time="0" classname="Test_MSE_functions" name="checkMSE"/>
    <testcase time="0.00999999999999091" classname="Test_MSE_functions" name="Sub_by_MP"/>
    <testcase time="0" classname="Test_MSE_functions" name="Sub_by_MP"/>
    <testcase time="0" classname="Test_MSE_functions" name="Sub_by_sim"/>
    <testcase time="0.0199999999999818" classname="Test_MSE_functions" name="Sub_by_sim"/>
    <testcase time="1.20000000000005" classname="Test_MSE_functions" name="joinMSE"/>
    <testcase time="0.0699999999999363" classname="Test_MSE_functions" name="joinMSE_returns_same_object"/>
  </testsuite>
  <testsuite name="Test MSE Plotting functions" timestamp="2021-02-02T00:46:08Z" hostname="DESKTOP-332L5AM" tests="24" skipped="0" failures="2" errors="0" time="18.2">
    <testcase time="12.5900000000001" classname="Test_MSE_Plotting_functions" name="main_plot_MSE_functions"/>
    <testcase time="0.00999999999999091" classname="Test_MSE_Plotting_functions" name="main_plot_MSE_functions">
      <failure type="failure" message="`fun(COSEWICobj)` threw an error. (test-MSE_Plotting.R:23:7)">`fun(COSEWICobj)` threw an error.
Message: subscript out of bounds
Class:   simpleError/error/condition
COSEWIC_Hplot
Backtrace:
  1. testthat::expect_error(fun(COSEWICobj), NA, info = ff) test-MSE_Plotting.R:23:6
  6. MSEtool:::fun(COSEWICobj)
  7. MSEtool:::DFO_Dplot(D, qcol, lcol, Blims, yrs, MSY = F, quants = quants) C:/Users/Adrian/Documents/GitHub/MSEtool/R/DFO.R:906:2
  8. MSEtool:::plotquant2(D, p = quants, yrs, qcol, lcol) C:/Users/Adrian/Documents/GitHub/MSEtool/R/DFO.R:700:2
  9. graphics::polygon(...) C:/Users/Adrian/Documents/GitHub/MSEtool/R/DFO.R:648:2
 10. grDevices::xy.coords(x, y, setLab = FALSE)</failure>
    </testcase>
    <testcase time="0.129999999999882" classname="Test_MSE_Plotting_functions" name="main_plot_MSE_functions"/>
    <testcase time="0.190000000000055" classname="Test_MSE_Plotting_functions" name="main_plot_MSE_functions"/>
    <testcase time="0.00999999999999091" classname="Test_MSE_Plotting_functions" name="main_plot_MSE_functions"/>
    <testcase time="0.0199999999999818" classname="Test_MSE_Plotting_functions" name="main_plot_MSE_functions"/>
    <testcase time="0.150000000000091" classname="Test_MSE_Plotting_functions" name="main_plot_MSE_functions"/>
    <testcase time="0.0799999999999272" classname="Test_MSE_Plotting_functions" name="main_plot_MSE_functions"/>
    <testcase time="0.0199999999999818" classname="Test_MSE_Plotting_functions" name="main_plot_MSE_functions"/>
    <testcase time="0.470000000000027" classname="Test_MSE_Plotting_functions" name="main_plot_MSE_functions"/>
    <testcase time="0.120000000000118" classname="Test_MSE_Plotting_functions" name="main_plot_MSE_functions"/>
    <testcase time="0.0599999999999454" classname="Test_MSE_Plotting_functions" name="main_plot_MSE_functions"/>
    <testcase time="0.0499999999999545" classname="Test_MSE_Plotting_functions" name="main_plot_MSE_functions"/>
    <testcase time="0.0199999999999818" classname="Test_MSE_Plotting_functions" name="main_plot_MSE_functions"/>
    <testcase time="0.720000000000027" classname="Test_MSE_Plotting_functions" name="main_plot_MSE_functions"/>
    <testcase time="0.420000000000073" classname="Test_MSE_Plotting_functions" name="main_plot_MSE_functions"/>
    <testcase time="0.399999999999864" classname="Test_MSE_Plotting_functions" name="main_plot_MSE_functions"/>
    <testcase time="0.769999999999982" classname="Test_MSE_Plotting_functions" name="main_plot_MSE_functions"/>
    <testcase time="0.190000000000055" classname="Test_MSE_Plotting_functions" name="main_plot_MSE_functions"/>
    <testcase time="0" classname="Test_MSE_Plotting_functions" name="main_plot_MSE_functions"/>
    <testcase time="0" classname="Test_MSE_Plotting_functions" name="main_plot_MSE_functions">
      <failure type="failure" message="`fun(MSE)` threw an error. (test-MSE_Plotting.R:28:9)">`fun(MSE)` threw an error.
Message: need finite 'ylim' values
Class:   simpleError/error/condition
VOI
Backtrace:
  1. testthat::expect_error(fun(MSE), NA, info = ff) test-MSE_Plotting.R:28:8
  6. MSEtool:::fun(MSE)
  8. graphics::plot.default(x, y, col = "white", axes = F, ylim = ylimy)
  9. graphics:::localWindow(xlim, ylim, log, asp, ...)
 10. graphics::plot.window(...)</failure>
    </testcase>
    <testcase time="0.289999999999964" classname="Test_MSE_Plotting_functions" name="main_plot_MSE_functions"/>
    <testcase time="1.29999999999995" classname="Test_MSE_Plotting_functions" name="main_plot_MSE_functions"/>
    <testcase time="0.190000000000055" classname="Test_MSE_Plotting_functions" name="main_plot_MSE_functions"/>
  </testsuite>
  <testsuite name="test OM_functions" timestamp="2021-02-02T00:46:26Z" hostname="DESKTOP-332L5AM" tests="78" skipped="0" failures="0" errors="0" time="0.22">
    <testcase time="0.0599999999999454" classname="test_OM_functions" name="Replace_and_SubOM_work_with_Stock"/>
    <testcase time="0" classname="test_OM_functions" name="Replace_and_SubOM_work_with_Stock"/>
    <testcase time="0" classname="test_OM_functions" name="Replace_and_SubOM_work_with_Stock"/>
    <testcase time="0" classname="test_OM_functions" name="Replace_and_SubOM_work_with_Stock"/>
    <testcase time="0" classname="test_OM_functions" name="Replace_and_SubOM_work_with_Stock"/>
    <testcase time="0" classname="test_OM_functions" name="Replace_and_SubOM_work_with_Stock"/>
    <testcase time="0.0200000000002092" classname="test_OM_functions" name="Replace_and_SubOM_work_with_Stock"/>
    <testcase time="0" classname="test_OM_functions" name="Replace_and_SubOM_work_with_Stock"/>
    <testcase time="0" classname="test_OM_functions" name="Replace_and_SubOM_work_with_Stock"/>
    <testcase time="0" classname="test_OM_functions" name="Replace_and_SubOM_work_with_Stock"/>
    <testcase time="0" classname="test_OM_functions" name="Replace_and_SubOM_work_with_Stock"/>
    <testcase time="0" classname="test_OM_functions" name="Replace_and_SubOM_work_with_Stock"/>
    <testcase time="0" classname="test_OM_functions" name="Replace_and_SubOM_work_with_Stock"/>
    <testcase time="0" classname="test_OM_functions" name="Replace_and_SubOM_work_with_Stock"/>
    <testcase time="0" classname="test_OM_functions" name="Replace_and_SubOM_work_with_Stock"/>
    <testcase time="0" classname="test_OM_functions" name="Replace_and_SubOM_work_with_Stock"/>
    <testcase time="0" classname="test_OM_functions" name="Replace_and_SubOM_work_with_Stock"/>
    <testcase time="0" classname="test_OM_functions" name="Replace_and_SubOM_work_with_Stock"/>
    <testcase time="0.00999999999999091" classname="test_OM_functions" name="Replace_and_SubOM_work_with_Stock"/>
    <testcase time="0" classname="test_OM_functions" name="Replace_and_SubOM_work_with_Stock"/>
    <testcase time="0" classname="test_OM_functions" name="Replace_and_SubOM_work_with_Stock"/>
    <testcase time="0" classname="test_OM_functions" name="Replace_and_SubOM_work_with_Stock"/>
    <testcase time="0" classname="test_OM_functions" name="Replace_and_SubOM_work_with_Stock"/>
    <testcase time="0" classname="test_OM_functions" name="Replace_and_SubOM_work_with_Stock"/>
    <testcase time="0.0199999999999818" classname="test_OM_functions" name="Replace_and_SubOM_work_with_Fleet"/>
    <testcase time="0" classname="test_OM_functions" name="Replace_and_SubOM_work_with_Fleet"/>
    <testcase time="0" classname="test_OM_functions" name="Replace_and_SubOM_work_with_Fleet"/>
    <testcase time="0" classname="test_OM_functions" name="Replace_and_SubOM_work_with_Fleet"/>
    <testcase time="0" classname="test_OM_functions" name="Replace_and_SubOM_work_with_Fleet"/>
    <testcase time="0" classname="test_OM_functions" name="Replace_and_SubOM_work_with_Fleet"/>
    <testcase time="0" classname="test_OM_functions" name="Replace_and_SubOM_work_with_Fleet"/>
    <testcase time="0" classname="test_OM_functions" name="Replace_and_SubOM_work_with_Fleet"/>
    <testcase time="0" classname="test_OM_functions" name="Replace_and_SubOM_work_with_Fleet"/>
    <testcase time="0" classname="test_OM_functions" name="Replace_and_SubOM_work_with_Fleet"/>
    <testcase time="0" classname="test_OM_functions" name="Replace_and_SubOM_work_with_Fleet"/>
    <testcase time="0" classname="test_OM_functions" name="Replace_and_SubOM_work_with_Fleet"/>
    <testcase time="0.00999999999999091" classname="test_OM_functions" name="Replace_and_SubOM_work_with_Fleet"/>
    <testcase time="0" classname="test_OM_functions" name="Replace_and_SubOM_work_with_Fleet"/>
    <testcase time="0" classname="test_OM_functions" name="Replace_and_SubOM_work_with_Fleet"/>
    <testcase time="0" classname="test_OM_functions" name="Replace_and_SubOM_work_with_Fleet"/>
    <testcase time="0" classname="test_OM_functions" name="Replace_and_SubOM_work_with_Fleet"/>
    <testcase time="0" classname="test_OM_functions" name="Replace_and_SubOM_work_with_Fleet"/>
    <testcase time="0" classname="test_OM_functions" name="Replace_and_SubOM_work_with_Fleet"/>
    <testcase time="0.0199999999999818" classname="test_OM_functions" name="Replace_and_SubOM_work_with_Obs"/>
    <testcase time="0" classname="test_OM_functions" name="Replace_and_SubOM_work_with_Obs"/>
    <testcase time="0" classname="test_OM_functions" name="Replace_and_SubOM_work_with_Obs"/>
    <testcase time="0" classname="test_OM_functions" name="Replace_and_SubOM_work_with_Obs"/>
    <testcase time="0" classname="test_OM_functions" name="Replace_and_SubOM_work_with_Obs"/>
    <testcase time="0" classname="test_OM_functions" name="Replace_and_SubOM_work_with_Obs"/>
    <testcase time="0" classname="test_OM_functions" name="Replace_and_SubOM_work_with_Obs"/>
    <testcase time="0" classname="test_OM_functions" name="Replace_and_SubOM_work_with_Obs"/>
    <testcase time="0.00999999999999091" classname="test_OM_functions" name="Replace_and_SubOM_work_with_Obs"/>
    <testcase time="0" classname="test_OM_functions" name="Replace_and_SubOM_work_with_Obs"/>
    <testcase time="0" classname="test_OM_functions" name="Replace_and_SubOM_work_with_Obs"/>
    <testcase time="0" classname="test_OM_functions" name="Replace_and_SubOM_work_with_Obs"/>
    <testcase time="0" classname="test_OM_functions" name="Replace_and_SubOM_work_with_Obs"/>
    <testcase time="0" classname="test_OM_functions" name="Replace_and_SubOM_work_with_Obs"/>
    <testcase time="0" classname="test_OM_functions" name="Replace_and_SubOM_work_with_Obs"/>
    <testcase time="0" classname="test_OM_functions" name="Replace_and_SubOM_work_with_Obs"/>
    <testcase time="0" classname="test_OM_functions" name="Replace_and_SubOM_work_with_Obs"/>
    <testcase time="0.0199999999999818" classname="test_OM_functions" name="Replace_and_SubOM_work_with_Obs"/>
    <testcase time="0" classname="test_OM_functions" name="Replace_and_SubOM_work_with_Obs"/>
    <testcase time="0" classname="test_OM_functions" name="Replace_and_SubOM_work_with_Obs"/>
    <testcase time="0" classname="test_OM_functions" name="Replace_and_SubOM_work_with_Obs"/>
    <testcase time="0.0199999999999818" classname="test_OM_functions" name="Replace_and_SubOM_work_with_Obs"/>
    <testcase time="0" classname="test_OM_functions" name="Replace_and_SubOM_work_with_Obs"/>
    <testcase time="0" classname="test_OM_functions" name="Replace_and_SubOM_work_with_Obs"/>
    <testcase time="0" classname="test_OM_functions" name="Replace_and_SubOM_work_with_Obs"/>
    <testcase time="0" classname="test_OM_functions" name="Replace_and_SubOM_work_with_Obs"/>
    <testcase time="0" classname="test_OM_functions" name="Replace_and_SubOM_work_with_Obs"/>
    <testcase time="0" classname="test_OM_functions" name="Replace_and_SubOM_work_with_Obs"/>
    <testcase time="0.00999999999999091" classname="test_OM_functions" name="Replace_and_SubOM_work_with_Obs"/>
    <testcase time="0" classname="test_OM_functions" name="Replace_and_SubOM_work_with_Imp"/>
    <testcase time="0" classname="test_OM_functions" name="Replace_and_SubOM_work_with_Imp"/>
    <testcase time="0" classname="test_OM_functions" name="Replace_and_SubOM_work_with_Imp"/>
    <testcase time="0" classname="test_OM_functions" name="Replace_and_SubOM_work_with_Imp"/>
    <testcase time="0.0199999999999818" classname="test_OM_functions" name="Replace_and_SubOM_work_with_Imp"/>
    <testcase time="0" classname="test_OM_functions" name="Replace_and_SubOM_work_with_Imp"/>
  </testsuite>
  <testsuite name="OM_init_doc" timestamp="2021-02-02T00:46:26Z" hostname="DESKTOP-332L5AM" tests="9" skipped="0" failures="0" errors="0" time="64.58">
    <testcase time="0.0599999999999454" classname="OM_init_doc" name="OM_init_works"/>
    <testcase time="0.920000000000073" classname="OM_init_doc" name="OM_init_works"/>
    <testcase time="1" classname="OM_init_doc" name="OM_init_works"/>
    <testcase time="1.32999999999993" classname="OM_init_doc" name="OM_init_works"/>
    <testcase time="0.660000000000082" classname="OM_init_doc" name="OM_init_works"/>
    <testcase time="0.559999999999945" classname="OM_init_doc" name="OM_init_works"/>
    <testcase time="35.78" classname="OM_init_doc" name="OM_doc_works_from_XL"/>
    <testcase time="0.779999999999973" classname="OM_init_doc" name="XL2OM_works"/>
    <testcase time="23.49" classname="OM_init_doc" name="OM_doc_works_with_OM"/>
  </testsuite>
  <testsuite name="Test OM Plotting functions" timestamp="2021-02-02T00:47:31Z" hostname="DESKTOP-332L5AM" tests="63" skipped="0" failures="1" errors="0" time="936.35">
    <testcase time="3.5" classname="Test_OM_Plotting_functions" name="plot.Stock_works_with_all_available_Stock_objects"/>
    <testcase time="3.32000000000016" classname="Test_OM_Plotting_functions" name="plot.Stock_works_with_all_available_Stock_objects"/>
    <testcase time="3.79999999999995" classname="Test_OM_Plotting_functions" name="plot.Stock_works_with_all_available_Stock_objects"/>
    <testcase time="3.87999999999988" classname="Test_OM_Plotting_functions" name="plot.Stock_works_with_all_available_Stock_objects"/>
    <testcase time="3.31000000000017" classname="Test_OM_Plotting_functions" name="plot.Stock_works_with_all_available_Stock_objects"/>
    <testcase time="3.3599999999999" classname="Test_OM_Plotting_functions" name="plot.Stock_works_with_all_available_Stock_objects"/>
    <testcase time="3.43000000000006" classname="Test_OM_Plotting_functions" name="plot.Stock_works_with_all_available_Stock_objects"/>
    <testcase time="3.44000000000005" classname="Test_OM_Plotting_functions" name="plot.Stock_works_with_all_available_Stock_objects"/>
    <testcase time="4.6099999999999" classname="Test_OM_Plotting_functions" name="plot.Stock_works_with_all_available_Stock_objects"/>
    <testcase time="3.99000000000001" classname="Test_OM_Plotting_functions" name="plot.Stock_works_with_all_available_Stock_objects"/>
    <testcase time="3.58999999999992" classname="Test_OM_Plotting_functions" name="plot.Stock_works_with_all_available_Stock_objects"/>
    <testcase time="3.52999999999997" classname="Test_OM_Plotting_functions" name="plot.Stock_works_with_all_available_Stock_objects"/>
    <testcase time="9.69000000000005" classname="Test_OM_Plotting_functions" name="plot.Fleet_works_with_all_available_Fleet_objects"/>
    <testcase time="6.97000000000003" classname="Test_OM_Plotting_functions" name="plot.Fleet_works_with_all_available_Fleet_objects"/>
    <testcase time="12.0599999999999" classname="Test_OM_Plotting_functions" name="plot.Fleet_works_with_all_available_Fleet_objects"/>
    <testcase time="8.34000000000015" classname="Test_OM_Plotting_functions" name="plot.Fleet_works_with_all_available_Fleet_objects"/>
    <testcase time="12.3199999999999" classname="Test_OM_Plotting_functions" name="plot.Fleet_works_with_all_available_Fleet_objects"/>
    <testcase time="8.03999999999996" classname="Test_OM_Plotting_functions" name="plot.Fleet_works_with_all_available_Fleet_objects"/>
    <testcase time="9.49000000000001" classname="Test_OM_Plotting_functions" name="plot.Fleet_works_with_all_available_Fleet_objects"/>
    <testcase time="7.05999999999995" classname="Test_OM_Plotting_functions" name="plot.Fleet_works_with_all_available_Fleet_objects"/>
    <testcase time="8.16000000000008" classname="Test_OM_Plotting_functions" name="plot.Fleet_works_with_all_available_Fleet_objects"/>
    <testcase time="7.20000000000005" classname="Test_OM_Plotting_functions" name="plot.Fleet_works_with_all_available_Fleet_objects"/>
    <testcase time="10.3599999999999" classname="Test_OM_Plotting_functions" name="plot.Fleet_works_with_all_available_Fleet_objects"/>
    <testcase time="24.51" classname="Test_OM_Plotting_functions" name="plot.Fleet_works_with_all_available_Fleet_objects"/>
    <testcase time="24.1000000000001" classname="Test_OM_Plotting_functions" name="plot.Fleet_works_with_all_available_Fleet_objects"/>
    <testcase time="10.1499999999999" classname="Test_OM_Plotting_functions" name="plot.Fleet_works_with_all_available_Fleet_objects"/>
    <testcase time="6.72000000000003" classname="Test_OM_Plotting_functions" name="plot.Fleet_works_with_all_available_Fleet_objects"/>
    <testcase time="2.96000000000004" classname="Test_OM_Plotting_functions" name="plot.Obs_works_with_all_available_Obs_objects"/>
    <testcase time="2.86999999999989" classname="Test_OM_Plotting_functions" name="plot.Obs_works_with_all_available_Obs_objects"/>
    <testcase time="2.99000000000001" classname="Test_OM_Plotting_functions" name="plot.Obs_works_with_all_available_Obs_objects"/>
    <testcase time="2.93000000000006" classname="Test_OM_Plotting_functions" name="plot.Obs_works_with_all_available_Obs_objects"/>
    <testcase time="2.99000000000001" classname="Test_OM_Plotting_functions" name="plot.Obs_works_with_all_available_Obs_objects"/>
    <testcase time="3.25" classname="Test_OM_Plotting_functions" name="plot.Obs_works_with_all_available_Obs_objects"/>
    <testcase time="1.75999999999999" classname="Test_OM_Plotting_functions" name="plot.Imp_works_with_all_available_Imp_objects"/>
    <testcase time="1.54999999999995" classname="Test_OM_Plotting_functions" name="plot.Imp_works_with_all_available_Imp_objects"/>
    <testcase time="23.8700000000001" classname="Test_OM_Plotting_functions" name="plot.OM_works_with_all_OMs"/>
    <testcase time="17.6900000000001" classname="Test_OM_Plotting_functions" name="plot.OM_works_with_all_OMs"/>
    <testcase time="20.8299999999999" classname="Test_OM_Plotting_functions" name="plot.OM_works_with_all_OMs"/>
    <testcase time="29.5599999999999" classname="Test_OM_Plotting_functions" name="plot.OM_works_with_all_OMs"/>
    <testcase time="35.1300000000001" classname="Test_OM_Plotting_functions" name="plot.OM_works_with_all_OMs"/>
    <testcase time="33.98" classname="Test_OM_Plotting_functions" name="plot.OM_works_with_all_OMs"/>
    <testcase time="44.53" classname="Test_OM_Plotting_functions" name="plot.OM_works_with_all_OMs"/>
    <testcase time="21.8299999999999" classname="Test_OM_Plotting_functions" name="plot.OM_works_with_all_OMs"/>
    <testcase time="24.53" classname="Test_OM_Plotting_functions" name="plot.OM_works_with_all_OMs"/>
    <testcase time="20.3500000000001" classname="Test_OM_Plotting_functions" name="plot.OM_works_with_all_OMs"/>
    <testcase time="22.1799999999998" classname="Test_OM_Plotting_functions" name="plot.OM_works_with_all_OMs"/>
    <testcase time="22.8300000000002" classname="Test_OM_Plotting_functions" name="plot.OM_works_with_all_OMs"/>
    <testcase time="17.05" classname="Test_OM_Plotting_functions" name="plot.OM_works_with_all_OMs"/>
    <testcase time="25.9199999999998" classname="Test_OM_Plotting_functions" name="plot.OM_works_with_all_OMs"/>
    <testcase time="20.0200000000002" classname="Test_OM_Plotting_functions" name="plot.OM_works_with_all_OMs"/>
    <testcase time="39.1799999999998" classname="Test_OM_Plotting_functions" name="plot.OM_works_with_all_OMs"/>
    <testcase time="24.3500000000001" classname="Test_OM_Plotting_functions" name="plot.OM_works_with_all_OMs"/>
    <testcase time="36.6900000000001" classname="Test_OM_Plotting_functions" name="plot.OM_works_with_all_OMs"/>
    <testcase time="0.0399999999999636" classname="Test_OM_Plotting_functions" name="plot.OM_works_with_all_OMs">
      <failure type="failure" message="`plot(obj, silent = TRUE, open = FALSE)` threw an error. (test-OM_Plotting.R:108:5)">`plot(obj, silent = TRUE, open = FALSE)` threw an error.
Message: 'Len_age' must be array with dimensions: nsim, maxage+1, nyears + proyears. 
Should be: 48,9,117; Currently is: 48,8,117
Class:   simpleError/error/condition
Skipjack_IO_IOTC 283
Backtrace:
  1. testthat::expect_error(...) test-OM_Plotting.R:108:4
  8. MSEtool:::plot.OM(obj, silent = TRUE, open = FALSE)
  9. MSEtool:::render_plot(...) C:/Users/Adrian/Documents/GitHub/MSEtool/R/OM_Plotting.R:362:2
 10. MSEtool::Simulate(Object, silent = TRUE, parallel = dopar) C:/Users/Adrian/Documents/GitHub/MSEtool/R/OM_Plotting.R:80:4
 11. MSEtool::SampleStockPars(...) C:/Users/Adrian/Documents/GitHub/MSEtool/R/runMSE.R:62:2</failure>
    </testcase>
    <testcase time="19.7399999999998" classname="Test_OM_Plotting_functions" name="plot.OM_works_with_all_OMs"/>
    <testcase time="21.5700000000002" classname="Test_OM_Plotting_functions" name="plot.OM_works_with_all_OMs"/>
    <testcase time="22.4699999999998" classname="Test_OM_Plotting_functions" name="plot.OM_works_with_all_OMs"/>
    <testcase time="25.5800000000004" classname="Test_OM_Plotting_functions" name="plot.OM_works_with_all_OMs"/>
    <testcase time="17.1899999999996" classname="Test_OM_Plotting_functions" name="plot.OM_works_with_all_OMs"/>
    <testcase time="19.5600000000004" classname="Test_OM_Plotting_functions" name="plot.OM_works_with_all_OMs"/>
    <testcase time="55.4099999999999" classname="Test_OM_Plotting_functions" name="plot.OM_works_with_all_OMs"/>
    <testcase time="20.8299999999999" classname="Test_OM_Plotting_functions" name="plot.OM_works_with_all_OMs"/>
    <testcase time="23.21" classname="Test_OM_Plotting_functions" name="plot.OM_works_with_all_OMs"/>
  </testsuite>
  <testsuite name="Test PM Functions" timestamp="2021-02-02T01:03:07Z" hostname="DESKTOP-332L5AM" tests="36" skipped="0" failures="0" errors="0" time="3.02">
    <testcase time="2.96000000000004" classname="Test_PM_Functions" name="Test_AAVE_works_with_6_MPs"/>
    <testcase time="0.00999999999976353" classname="Test_PM_Functions" name="Test_AAVE_works_with_6_MPs"/>
    <testcase time="0" classname="Test_PM_Functions" name="Test_AAVY_works_with_6_MPs"/>
    <testcase time="0" classname="Test_PM_Functions" name="Test_AAVY_works_with_6_MPs"/>
    <testcase time="0" classname="Test_PM_Functions" name="Test_LTY_works_with_6_MPs"/>
    <testcase time="0" classname="Test_PM_Functions" name="Test_LTY_works_with_6_MPs"/>
    <testcase time="0" classname="Test_PM_Functions" name="Test_P10_works_with_6_MPs"/>
    <testcase time="0" classname="Test_PM_Functions" name="Test_P10_works_with_6_MPs"/>
    <testcase time="0" classname="Test_PM_Functions" name="Test_P100_works_with_6_MPs"/>
    <testcase time="0" classname="Test_PM_Functions" name="Test_P100_works_with_6_MPs"/>
    <testcase time="0" classname="Test_PM_Functions" name="Test_P50_works_with_6_MPs"/>
    <testcase time="0.0199999999999818" classname="Test_PM_Functions" name="Test_P50_works_with_6_MPs"/>
    <testcase time="0" classname="Test_PM_Functions" name="Test_PNOF_works_with_6_MPs"/>
    <testcase time="0" classname="Test_PM_Functions" name="Test_PNOF_works_with_6_MPs"/>
    <testcase time="0" classname="Test_PM_Functions" name="Test_STY_works_with_6_MPs"/>
    <testcase time="0" classname="Test_PM_Functions" name="Test_STY_works_with_6_MPs"/>
    <testcase time="0" classname="Test_PM_Functions" name="Test_Yield_works_with_6_MPs"/>
    <testcase time="0" classname="Test_PM_Functions" name="Test_Yield_works_with_6_MPs"/>
    <testcase time="0" classname="Test_PM_Functions" name="Test_AAVE_works_with_1_MP"/>
    <testcase time="0.0100000000002183" classname="Test_PM_Functions" name="Test_AAVE_works_with_1_MP"/>
    <testcase time="0" classname="Test_PM_Functions" name="Test_AAVY_works_with_1_MP"/>
    <testcase time="0" classname="Test_PM_Functions" name="Test_AAVY_works_with_1_MP"/>
    <testcase time="0" classname="Test_PM_Functions" name="Test_LTY_works_with_1_MP"/>
    <testcase time="0" classname="Test_PM_Functions" name="Test_LTY_works_with_1_MP"/>
    <testcase time="0" classname="Test_PM_Functions" name="Test_P10_works_with_1_MP"/>
    <testcase time="0" classname="Test_PM_Functions" name="Test_P10_works_with_1_MP"/>
    <testcase time="0" classname="Test_PM_Functions" name="Test_P100_works_with_1_MP"/>
    <testcase time="0" classname="Test_PM_Functions" name="Test_P100_works_with_1_MP"/>
    <testcase time="0.0199999999999818" classname="Test_PM_Functions" name="Test_P50_works_with_1_MP"/>
    <testcase time="0" classname="Test_PM_Functions" name="Test_P50_works_with_1_MP"/>
    <testcase time="0" classname="Test_PM_Functions" name="Test_PNOF_works_with_1_MP"/>
    <testcase time="0" classname="Test_PM_Functions" name="Test_PNOF_works_with_1_MP"/>
    <testcase time="0" classname="Test_PM_Functions" name="Test_STY_works_with_1_MP"/>
    <testcase time="0" classname="Test_PM_Functions" name="Test_STY_works_with_1_MP"/>
    <testcase time="0" classname="Test_PM_Functions" name="Test_Yield_works_with_1_MP"/>
    <testcase time="0" classname="Test_PM_Functions" name="Test_Yield_works_with_1_MP"/>
  </testsuite>
  <testsuite name="test Real indices in Data object" timestamp="2021-02-02T01:03:10Z" hostname="DESKTOP-332L5AM" tests="9" skipped="0" failures="0" errors="1" time="10.09">
    <testcase time="2.36000000000013" classname="test_Real_indices_in_Data_object" name="Works_with_3_indices"/>
    <testcase time="1.55999999999995" classname="test_Real_indices_in_Data_object" name="Works_with_2_indices"/>
    <testcase time="1.38000000000011" classname="test_Real_indices_in_Data_object" name="Works_with_1_index"/>
    <testcase time="1.60999999999967" classname="test_Real_indices_in_Data_object" name="Import_3_real_indices_from_Excel"/>
    <testcase time="0" classname="test_Real_indices_in_Data_object" name="Import_3_real_indices_from_Excel">
      <error type="error" message="Can't establish that the input is either xls or xlsx. (test-RealIndices.R:58:3)">Error: Can't establish that the input is either xls or xlsx.
Backtrace:
 1. methods::new("Data", "test.csv") test-RealIndices.R:58:2
 3. MSEtool:::initialize(value, ...)
 4. MSEtool:::.local(.Object, ...)
 5. MSEtool::XL2Data(stock, ...) C:/Users/Adrian/Documents/GitHub/MSEtool/R/Class_definitions.R:206:4
 6. readxl::read_excel(...) C:/Users/Adrian/Documents/GitHub/MSEtool/R/Data_Functions.R:136:4
 7. readxl:::check_format(path)</error>
    </testcase>
    <testcase time="1.51000000000022" classname="test_Real_indices_in_Data_object" name="Works_with_2_Real_indices_longer_than_nyears"/>
    <testcase time="0" classname="test_Real_indices_in_Data_object" name="Works_with_2_Real_indices_longer_than_nyears"/>
    <testcase time="1.65999999999985" classname="test_Real_indices_in_Data_object" name="Works_with_2_Real_indices_shorter_than_nyears"/>
    <testcase time="0.0100000000002183" classname="test_Real_indices_in_Data_object" name="Works_with_2_Real_indices_shorter_than_nyears"/>
  </testsuite>
  <testsuite name="Test Dynamic Unfished Ref Points" timestamp="2021-02-02T01:03:20Z" hostname="DESKTOP-332L5AM" tests="6" skipped="0" failures="0" errors="0" time="9.66">
    <testcase time="9.63999999999987" classname="Test_Dynamic_Unfished_Ref_Points" name="_unnamed_"/>
    <testcase time="0" classname="Test_Dynamic_Unfished_Ref_Points" name="_unnamed_"/>
    <testcase time="0" classname="Test_Dynamic_Unfished_Ref_Points" name="_unnamed_"/>
    <testcase time="0" classname="Test_Dynamic_Unfished_Ref_Points" name="_unnamed_"/>
    <testcase time="0.0199999999999818" classname="Test_Dynamic_Unfished_Ref_Points" name="_unnamed_"/>
    <testcase time="0" classname="Test_Dynamic_Unfished_Ref_Points" name="_unnamed_"/>
  </testsuite>
  <testsuite name="Test of basic population dynamics" timestamp="2021-02-02T01:03:30Z" hostname="DESKTOP-332L5AM" tests="4" skipped="0" failures="0" errors="0" time="2.69">
    <testcase time="0.420000000000073" classname="Test_of_basic_population_dynamics" name="_unnamed_"/>
    <testcase time="2.26999999999998" classname="Test_of_basic_population_dynamics" name="_unnamed_"/>
    <testcase time="0" classname="Test_of_basic_population_dynamics" name="_unnamed_"/>
    <testcase time="0" classname="Test_of_basic_population_dynamics" name="_unnamed_"/>
  </testsuite>
  <testsuite name="slot descriptions" timestamp="2021-02-02T01:03:33Z" hostname="DESKTOP-332L5AM" tests="5" skipped="0" failures="0" errors="0" time="0.01">
    <testcase time="0.00999999999976353" classname="slot_descriptions" name="slots_are_in_correct_order_for_Stock"/>
    <testcase time="0" classname="slot_descriptions" name="slots_are_in_correct_order_for_Fleet"/>
    <testcase time="0" classname="slot_descriptions" name="slots_are_in_correct_order_for_Obs"/>
    <testcase time="0" classname="slot_descriptions" name="slots_are_in_correct_order_for_Imp"/>
    <testcase time="0" classname="slot_descriptions" name="slots_are_in_correct_order_for_Data"/>
  </testsuite>
</testsuites>
